[debug] [2021-09-08T17:59:22.143Z] ----------------------------------------------------------------------
[debug] [2021-09-08T17:59:22.148Z] Command:       /home/satie/.nvm/versions/node/v10.19.0/bin/node /home/satie/.nvm/versions/node/v10.19.0/bin/firebase init hosting
[debug] [2021-09-08T17:59:22.148Z] CLI Version:   9.17.0
[debug] [2021-09-08T17:59:22.148Z] Platform:      linux
[debug] [2021-09-08T17:59:22.148Z] Node Version:  v10.19.0
[debug] [2021-09-08T17:59:22.149Z] Time:          Wed Sep 08 2021 14:59:22 GMT-0300 (Brasilia Standard Time)
[debug] [2021-09-08T17:59:22.149Z] ----------------------------------------------------------------------
[debug] 
[debug] [2021-09-08T17:59:22.151Z] >>> [apiv2][query] GET https://firebase-public.firebaseio.com/cli.json [none]
[debug] [2021-09-08T17:59:22.282Z] > command requires scopes: ["email","openid","https://www.googleapis.com/auth/cloudplatformprojects.readonly","https://www.googleapis.com/auth/firebase","https://www.googleapis.com/auth/cloud-platform"]
[debug] [2021-09-08T17:59:22.283Z] > authorizing via signed-in user (satiemelo26@gmail.com)
[info] 
     ######## #### ########  ######## ########     ###     ######  ########
     ##        ##  ##     ## ##       ##     ##  ##   ##  ##       ##
     ######    ##  ########  ######   ########  #########  ######  ######
     ##        ##  ##    ##  ##       ##     ## ##     ##       ## ##
     ##       #### ##     ## ######## ########  ##     ##  ######  ########

You're about to initialize a Firebase project in this directory:

  /home/satie/pet-store

Before we get started, keep in mind:

  * You are initializing within an existing Firebase project directory

[info] 
=== Project Setup
[info] 
[info] First, let's associate this project directory with a Firebase project.
[info] You can create multiple project aliases by running firebase use --add, 
[info] but for now we'll just set up a default project.
[info] 
[info] i  .firebaserc already has a default project, using petstore-sl. 
[debug] [2021-09-08T17:59:22.293Z] > refreshing access token with scopes: []
[debug] [2021-09-08T17:59:22.294Z] >>> HTTP REQUEST POST https://www.googleapis.com/oauth2/v3/token  
 <request body omitted>
[debug] [2021-09-08T17:59:22.592Z] <<< HTTP RESPONSE 200 {"pragma":"no-cache","date":"Wed, 08 Sep 2021 17:59:23 GMT","cache-control":"no-cache, no-store, max-age=0, must-revalidate","expires":"Mon, 01 Jan 1990 00:00:00 GMT","content-type":"application/json; charset=utf-8","vary":"X-Origin, Referer, Origin,Accept-Encoding","server":"scaffolding on HTTPServer2","x-xss-protection":"0","x-frame-options":"SAMEORIGIN","x-content-type-options":"nosniff","alt-svc":"h3=\":443\"; ma=2592000,h3-29=\":443\"; ma=2592000,h3-T051=\":443\"; ma=2592000,h3-Q050=\":443\"; ma=2592000,h3-Q046=\":443\"; ma=2592000,h3-Q043=\":443\"; ma=2592000,quic=\":443\"; ma=2592000; v=\"46,43\"","accept-ranges":"none","transfer-encoding":"chunked"}
[debug] [2021-09-08T17:59:22.642Z] >>> [apiv2][query] GET https://firebase.googleapis.com/v1beta1/projects/petstore-sl [none]
[debug] [2021-09-08T17:59:22.805Z] <<< [apiv2][status] GET https://firebase-public.firebaseio.com/cli.json 200
[debug] [2021-09-08T17:59:22.805Z] <<< [apiv2][body] GET https://firebase-public.firebaseio.com/cli.json {"cloudBuildErrorAfter":1594252800000,"cloudBuildWarnAfter":1590019200000,"defaultNode10After":1594252800000,"minVersion":"3.0.5","node8DeploysDisabledAfter":1613390400000,"node8RuntimeDisabledAfter":1615809600000,"node8WarnAfter":1600128000000}
[debug] [2021-09-08T17:59:23.040Z] <<< [apiv2][status] GET https://firebase.googleapis.com/v1beta1/projects/petstore-sl 200
[debug] [2021-09-08T17:59:23.040Z] <<< [apiv2][body] GET https://firebase.googleapis.com/v1beta1/projects/petstore-sl {"projectId":"petstore-sl","projectNumber":"141514593784","displayName":"petstore-sl","name":"projects/petstore-sl","resources":{"hostingSite":"petstore-sl"},"state":"ACTIVE"}
[info] 
=== Hosting Setup
[info] 
[info] Your public directory is the folder (relative to your project directory) that
[info] will contain Hosting assets to be uploaded with firebase deploy. If you
[info] have a build process for your assets, use your build's output directory.
[info] 
[debug] [2021-09-08T18:00:07.110Z] >>> [apiv2][query] GET https://www.gstatic.com/firebasejs/releases.json [none]
[debug] [2021-09-08T18:00:07.934Z] <<< [apiv2][status] GET https://www.gstatic.com/firebasejs/releases.json 200
[debug] [2021-09-08T18:00:07.934Z] <<< [apiv2][body] GET https://www.gstatic.com/firebasejs/releases.json {"current":{"version":"9.0.1","browserURL":"https://www.gstatic.com/firebasejs/9.0.1/firebase.js","packageURL":"https://www.gstatic.com/firebasejs/9.0.1/firebase.tgz"},"live":{"version":"9.0","browserURL":"https://www.gstatic.com/firebasejs/live/9.0/firebase.js","packageURL":"https://www.gstatic.com/firebasejs/live/9.0/firebase.tgz"},"components":{"analytics":"https://www.gstatic.com/firebasejs/9.0.1/firebase-analytics.js","app":"https://www.gstatic.com/firebasejs/9.0.1/firebase-app.js","app-check":"https://www.gstatic.com/firebasejs/9.0.1/firebase-app-check.js","auth":"https://www.gstatic.com/firebasejs/9.0.1/firebase-auth.js","auth/cordova":"https://www.gstatic.com/firebasejs/9.0.1/firebase-auth/cordova.js","auth/react-native":"https://www.gstatic.com/firebasejs/9.0.1/firebase-auth/react-native.js","functions":"https://www.gstatic.com/firebasejs/9.0.1/firebase-functions.js","firestore":"https://www.gstatic.com/firebasejs/9.0.1/firebase-firestore.js","firestore/lite":"https://www.gstatic.com/firebasejs/9.0.1/firebase-firestore/lite.js","storage":"https://www.gstatic.com/firebasejs/9.0.1/firebase-storage.js","performance":"https://www.gstatic.com/firebasejs/9.0.1/firebase-performance.js","remote-config":"https://www.gstatic.com/firebasejs/9.0.1/firebase-remote-config.js","messaging":"https://www.gstatic.com/firebasejs/9.0.1/firebase-messaging.js","messaging/sw":"https://www.gstatic.com/firebasejs/9.0.1/firebase-messaging/sw.js","database":"https://www.gstatic.com/firebasejs/9.0.1/firebase-database.js","firestore.memory":"https://www.gstatic.com/firebasejs/9.0.1/firebase-firestore.memory.js"}}
[info] ✔  Wrote public/index.html 
[info] 
[info] i  Detected a .git folder at /home/satie/pet-store 
[info] i  Authorizing with GitHub to upload your service account to a GitHub repository's secrets store. 
[info] 
[info] Visit this URL on this device to log in:
[info] https://github.com/login/oauth/authorize?client_id=89cf50f02ac6aaed3484&state=877995160&redirect_uri=http%3A%2F%2Flocalhost%3A9005&scope=read%3Auser%20repo%20public_repo
[info] 
[info] Waiting for authentication...
[debug] [2021-09-08T18:00:11.685Z] >>> HTTP REQUEST POST https://github.com/login/oauth/access_token  
 {"client_id":"89cf50f02ac6aaed3484","client_secret":"3330d14abc895d9a74d5f17cd7a00711fa2c5bf0","code":"32db86eabd10c74125c4","redirect_uri":"http://localhost:9005","state":"877995160"}
[debug] [2021-09-08T18:00:12.103Z] <<< HTTP RESPONSE 200 {"server":"GitHub.com","date":"Wed, 08 Sep 2021 18:00:12 GMT","content-type":"application/json; charset=utf-8","transfer-encoding":"chunked","vary":"X-PJAX, X-PJAX-Container, Accept-Encoding, Accept, X-Requested-With","permissions-policy":"interest-cohort=()","etag":"W/\"4efdc52e75184968388843264c9fbed7\"","cache-control":"max-age=0, private, must-revalidate","strict-transport-security":"max-age=31536000; includeSubdomains; preload","x-frame-options":"deny","x-content-type-options":"nosniff","x-xss-protection":"0","referrer-policy":"origin-when-cross-origin, strict-origin-when-cross-origin","expect-ct":"max-age=2592000, report-uri=\"https://api.github.com/_private/browser/errors\"","content-security-policy":"default-src 'none'; base-uri 'self'; block-all-mixed-content; connect-src 'self' uploads.github.com www.githubstatus.com collector.githubapp.com api.github.com github-cloud.s3.amazonaws.com github-production-repository-file-5c1aeb.s3.amazonaws.com github-production-upload-manifest-file-7fdce7.s3.amazonaws.com github-production-user-asset-6210df.s3.amazonaws.com cdn.optimizely.com logx.optimizely.com/v1/events translator.github.com wss://alive.github.com; font-src github.githubassets.com; form-action 'self' github.com gist.github.com; frame-ancestors 'none'; frame-src render.githubusercontent.com viewscreen.githubusercontent.com; img-src 'self' data: github.githubassets.com identicons.github.com collector.githubapp.com github-cloud.s3.amazonaws.com secured-user-images.githubusercontent.com/ *.githubusercontent.com; manifest-src 'self'; media-src 'none'; script-src github.githubassets.com; style-src 'unsafe-inline' github.githubassets.com; worker-src github.com/socket-worker-7c2abeb0.js gist.github.com/socket-worker-7c2abeb0.js","x-github-request-id":"D8E4:075E:84A23:9E474:6138FA2C"}
[debug] [2021-09-08T18:00:12.108Z] >>> [apiv2][query] GET https://api.github.com/user [none]
[debug] [2021-09-08T18:00:12.485Z] <<< [apiv2][status] GET https://api.github.com/user 200
[debug] [2021-09-08T18:00:12.485Z] <<< [apiv2][body] GET https://api.github.com/user {"login":"pandagumi","id":61299350,"node_id":"MDQ6VXNlcjYxMjk5MzUw","avatar_url":"https://avatars.githubusercontent.com/u/61299350?v=4","gravatar_id":"","url":"https://api.github.com/users/pandagumi","html_url":"https://github.com/pandagumi","followers_url":"https://api.github.com/users/pandagumi/followers","following_url":"https://api.github.com/users/pandagumi/following{/other_user}","gists_url":"https://api.github.com/users/pandagumi/gists{/gist_id}","starred_url":"https://api.github.com/users/pandagumi/starred{/owner}{/repo}","subscriptions_url":"https://api.github.com/users/pandagumi/subscriptions","organizations_url":"https://api.github.com/users/pandagumi/orgs","repos_url":"https://api.github.com/users/pandagumi/repos","events_url":"https://api.github.com/users/pandagumi/events{/privacy}","received_events_url":"https://api.github.com/users/pandagumi/received_events","type":"User","site_admin":false,"name":"Satie","company":null,"blog":"https://www.linkedin.com/in/satie-lie/","location":"Brazil, São Paulo","email":null,"hireable":true,"bio":null,"twitter_username":null,"public_repos":5,"public_gists":0,"followers":4,"following":2,"created_at":"2020-02-21T00:30:20Z","updated_at":"2021-08-11T14:10:46Z","private_gists":0,"total_private_repos":3,"owned_private_repos":3,"disk_usage":41229,"collaborators":0,"two_factor_authentication":false,"plan":{"name":"free","space":976562499,"collaborators":0,"private_repos":10000}}
[info] 
[info] ✔  Success! Logged into GitHub as pandagumi 
[info] 
